app/build/intermediates/manifest_merge_blame_file/debug/manifest-merger-blame-debug-report.txt
1<?xml version="1.0" encoding="utf-8"?>
2<manifest xmlns:android="http://schemas.android.com/apk/res/android"
3    package="com.example.mvvmexample"
4    android:versionCode="1"
5    android:versionName="1.0" >
6
7    <uses-sdk
8        android:minSdkVersion="21"
8-->src/main/AndroidManifest.xml
9        android:targetSdkVersion="31" />
9-->src/main/AndroidManifest.xml
10
11    <application
11-->src/main/AndroidManifest.xml:5:5-21:19
12        android:allowBackup="true"
12-->src/main/AndroidManifest.xml:6:9-35
13        android:appComponentFactory="androidx.core.app.CoreComponentFactory"
13-->[androidx.core:core:1.7.0] AndroidManifest.xml:24:18-86
14        android:debuggable="true"
15        android:icon="@mipmap/ic_launcher"
15-->src/main/AndroidManifest.xml:7:9-43
16        android:label="@string/app_name"
16-->src/main/AndroidManifest.xml:8:9-41
17        android:roundIcon="@mipmap/ic_launcher_round"
17-->src/main/AndroidManifest.xml:9:9-54
18        android:supportsRtl="true"
18-->src/main/AndroidManifest.xml:10:9-35
19        android:testOnly="true"
20        android:theme="@style/Theme.MVVMExample" >
20-->src/main/AndroidManifest.xml:11:9-49
21        <activity
21-->src/main/AndroidManifest.xml:12:9-20:20
22            android:name="com.example.mvvmexample.MainActivity"
22-->src/main/AndroidManifest.xml:13:13-41
23            android:exported="true" >
23-->src/main/AndroidManifest.xml:14:13-36
24            <intent-filter>
24-->src/main/AndroidManifest.xml:15:13-19:29
25                <action android:name="android.intent.action.MAIN" />
25-->src/main/AndroidManifest.xml:16:17-69
25-->src/main/AndroidManifest.xml:16:25-66
26
27                <category android:name="android.intent.category.LAUNCHER" />
27-->src/main/AndroidManifest.xml:18:17-77
27-->src/main/AndroidManifest.xml:18:27-74
28            </intent-filter>
29        </activity>
30
31        <provider
31-->[androidx.lifecycle:lifecycle-process:2.5.0-beta01] AndroidManifest.xml:26:9-34:20
32            android:name="androidx.startup.InitializationProvider"
32-->[androidx.lifecycle:lifecycle-process:2.5.0-beta01] AndroidManifest.xml:27:13-67
33            android:authorities="com.example.mvvmexample.androidx-startup"
33-->[androidx.lifecycle:lifecycle-process:2.5.0-beta01] AndroidManifest.xml:28:13-68
34            android:exported="false" >
34-->[androidx.lifecycle:lifecycle-process:2.5.0-beta01] AndroidManifest.xml:29:13-37
35            <meta-data
35-->[androidx.lifecycle:lifecycle-process:2.5.0-beta01] AndroidManifest.xml:31:13-33:52
36                android:name="androidx.lifecycle.ProcessLifecycleInitializer"
36-->[androidx.lifecycle:lifecycle-process:2.5.0-beta01] AndroidManifest.xml:32:17-78
37                android:value="androidx.startup" />
37-->[androidx.lifecycle:lifecycle-process:2.5.0-beta01] AndroidManifest.xml:33:17-49
38            <meta-data
38-->[androidx.profileinstaller:profileinstaller:1.0.1] AndroidManifest.xml:31:13-33:52
39                android:name="androidx.profileinstaller.ProfileInstallerInitializer"
39-->[androidx.profileinstaller:profileinstaller:1.0.1] AndroidManifest.xml:32:17-85
40                android:value="androidx.startup" />
40-->[androidx.profileinstaller:profileinstaller:1.0.1] AndroidManifest.xml:33:17-49
41        </provider>
42
43        <receiver
43-->[androidx.profileinstaller:profileinstaller:1.0.1] AndroidManifest.xml:36:9-45:20
44            android:name="androidx.profileinstaller.ProfileInstallReceiver"
44-->[androidx.profileinstaller:profileinstaller:1.0.1] AndroidManifest.xml:37:13-76
45            android:directBootAware="false"
45-->[androidx.profileinstaller:profileinstaller:1.0.1] AndroidManifest.xml:38:13-44
46            android:enabled="true"
46-->[androidx.profileinstaller:profileinstaller:1.0.1] AndroidManifest.xml:39:13-35
47            android:exported="true"
47-->[androidx.profileinstaller:profileinstaller:1.0.1] AndroidManifest.xml:40:13-36
48            android:permission="android.permission.DUMP" >
48-->[androidx.profileinstaller:profileinstaller:1.0.1] AndroidManifest.xml:41:13-57
49            <intent-filter>
49-->[androidx.profileinstaller:profileinstaller:1.0.1] AndroidManifest.xml:42:13-44:29
50                <action android:name="androidx.profileinstaller.action.INSTALL_PROFILE" />
50-->[androidx.profileinstaller:profileinstaller:1.0.1] AndroidManifest.xml:43:17-91
50-->[androidx.profileinstaller:profileinstaller:1.0.1] AndroidManifest.xml:43:25-88
51            </intent-filter>
52        </receiver>
53    </application>
54
55</manifest>